{"C:\\CANTIKA\\REACT\\to-do-list\\to-do-list-backend\\controllers\\authController.js": {"path":"C:\\CANTIKA\\REACT\\to-do-list\\to-do-list-backend\\controllers\\authController.js","statementMap":{"0":{"start":{"line":1,"column":13},"end":{"line":1,"column":38}},"1":{"start":{"line":2,"column":23},"end":{"line":2,"column":58}},"2":{"start":{"line":3,"column":12},"end":{"line":3,"column":35}},"3":{"start":{"line":4,"column":15},"end":{"line":4,"column":32}},"4":{"start":{"line":5,"column":35},"end":{"line":5,"column":60}},"5":{"start":{"line":7,"column":30},"end":{"line":7,"column":44}},"6":{"start":{"line":8,"column":31},"end":{"line":8,"column":65}},"7":{"start":{"line":10,"column":22},"end":{"line":14,"column":1}},"8":{"start":{"line":11,"column":4},"end":{"line":11,"column":28}},"9":{"start":{"line":11,"column":18},"end":{"line":11,"column":28}},"10":{"start":{"line":12,"column":22},"end":{"line":12,"column":55}},"11":{"start":{"line":13,"column":4},"end":{"line":13,"column":50}},"12":{"start":{"line":17,"column":0},"end":{"line":70,"column":2}},"13":{"start":{"line":18,"column":4},"end":{"line":69,"column":5}},"14":{"start":{"line":19,"column":46},"end":{"line":19,"column":54}},"15":{"start":{"line":22,"column":8},"end":{"line":24,"column":9}},"16":{"start":{"line":23,"column":12},"end":{"line":23,"column":91}},"17":{"start":{"line":26,"column":8},"end":{"line":28,"column":9}},"18":{"start":{"line":27,"column":12},"end":{"line":27,"column":95}},"19":{"start":{"line":31,"column":19},"end":{"line":31,"column":73}},"20":{"start":{"line":32,"column":8},"end":{"line":34,"column":9}},"21":{"start":{"line":33,"column":12},"end":{"line":33,"column":76}},"22":{"start":{"line":37,"column":8},"end":{"line":41,"column":11}},"23":{"start":{"line":43,"column":8},"end":{"line":43,"column":26}},"24":{"start":{"line":46,"column":22},"end":{"line":48,"column":10}},"25":{"start":{"line":50,"column":8},"end":{"line":58,"column":11}},"26":{"start":{"line":60,"column":8},"end":{"line":60,"column":48}},"27":{"start":{"line":63,"column":8},"end":{"line":66,"column":9}},"28":{"start":{"line":64,"column":26},"end":{"line":64,"column":58}},"29":{"start":{"line":65,"column":12},"end":{"line":65,"column":80}},"30":{"start":{"line":68,"column":8},"end":{"line":68,"column":80}},"31":{"start":{"line":73,"column":0},"end":{"line":118,"column":2}},"32":{"start":{"line":74,"column":4},"end":{"line":117,"column":5}},"33":{"start":{"line":75,"column":48},"end":{"line":75,"column":56}},"34":{"start":{"line":78,"column":30},"end":{"line":78,"column":49}},"35":{"start":{"line":79,"column":8},"end":{"line":81,"column":9}},"36":{"start":{"line":80,"column":12},"end":{"line":80,"column":99}},"37":{"start":{"line":83,"column":24},"end":{"line":83,"column":44}},"38":{"start":{"line":84,"column":24},"end":{"line":84,"column":41}},"39":{"start":{"line":85,"column":22},"end":{"line":87,"column":35}},"40":{"start":{"line":90,"column":21},"end":{"line":90,"column":46}},"41":{"start":{"line":91,"column":8},"end":{"line":93,"column":9}},"42":{"start":{"line":92,"column":12},"end":{"line":92,"column":91}},"43":{"start":{"line":96,"column":24},"end":{"line":96,"column":58}},"44":{"start":{"line":97,"column":8},"end":{"line":99,"column":9}},"45":{"start":{"line":98,"column":12},"end":{"line":98,"column":91}},"46":{"start":{"line":102,"column":22},"end":{"line":104,"column":10}},"47":{"start":{"line":106,"column":8},"end":{"line":114,"column":11}},"48":{"start":{"line":116,"column":8},"end":{"line":116,"column":80}},"49":{"start":{"line":121,"column":0},"end":{"line":140,"column":2}},"50":{"start":{"line":122,"column":4},"end":{"line":139,"column":5}},"51":{"start":{"line":123,"column":22},"end":{"line":123,"column":73}},"52":{"start":{"line":125,"column":8},"end":{"line":127,"column":9}},"53":{"start":{"line":126,"column":12},"end":{"line":126,"column":74}},"54":{"start":{"line":129,"column":24},"end":{"line":129,"column":41}},"55":{"start":{"line":130,"column":26},"end":{"line":132,"column":60}},"56":{"start":{"line":134,"column":8},"end":{"line":134,"column":58}},"57":{"start":{"line":136,"column":8},"end":{"line":136,"column":57}},"58":{"start":{"line":138,"column":8},"end":{"line":138,"column":80}},"59":{"start":{"line":143,"column":0},"end":{"line":176,"column":2}},"60":{"start":{"line":144,"column":4},"end":{"line":175,"column":5}},"61":{"start":{"line":145,"column":26},"end":{"line":145,"column":34}},"62":{"start":{"line":147,"column":8},"end":{"line":149,"column":9}},"63":{"start":{"line":148,"column":12},"end":{"line":148,"column":88}},"64":{"start":{"line":151,"column":21},"end":{"line":151,"column":50}},"65":{"start":{"line":153,"column":8},"end":{"line":168,"column":9}},"66":{"start":{"line":154,"column":31},"end":{"line":154,"column":69}},"67":{"start":{"line":155,"column":35},"end":{"line":155,"column":95}},"68":{"start":{"line":157,"column":12},"end":{"line":157,"column":53}},"69":{"start":{"line":158,"column":12},"end":{"line":158,"column":85}},"70":{"start":{"line":159,"column":12},"end":{"line":159,"column":30}},"71":{"start":{"line":161,"column":28},"end":{"line":161,"column":89}},"72":{"start":{"line":162,"column":29},"end":{"line":162,"column":63}},"73":{"start":{"line":164,"column":12},"end":{"line":167,"column":15}},"74":{"start":{"line":170,"column":8},"end":{"line":172,"column":11}},"75":{"start":{"line":174,"column":8},"end":{"line":174,"column":80}},"76":{"start":{"line":179,"column":0},"end":{"line":210,"column":2}},"77":{"start":{"line":180,"column":4},"end":{"line":209,"column":5}},"78":{"start":{"line":181,"column":36},"end":{"line":181,"column":44}},"79":{"start":{"line":183,"column":8},"end":{"line":185,"column":9}},"80":{"start":{"line":184,"column":12},"end":{"line":184,"column":92}},"81":{"start":{"line":187,"column":8},"end":{"line":189,"column":9}},"82":{"start":{"line":188,"column":12},"end":{"line":188,"column":95}},"83":{"start":{"line":191,"column":26},"end":{"line":191,"column":81}},"84":{"start":{"line":192,"column":21},"end":{"line":195,"column":10}},"85":{"start":{"line":197,"column":8},"end":{"line":199,"column":9}},"86":{"start":{"line":198,"column":12},"end":{"line":198,"column":90}},"87":{"start":{"line":201,"column":8},"end":{"line":201,"column":33}},"88":{"start":{"line":202,"column":8},"end":{"line":202,"column":44}},"89":{"start":{"line":203,"column":8},"end":{"line":203,"column":46}},"90":{"start":{"line":204,"column":8},"end":{"line":204,"column":26}},"91":{"start":{"line":206,"column":8},"end":{"line":206,"column":70}},"92":{"start":{"line":208,"column":8},"end":{"line":208,"column":80}}},"fnMap":{"0":{"name":"(anonymous_0)","decl":{"start":{"line":10,"column":22},"end":{"line":10,"column":23}},"loc":{"start":{"line":10,"column":42},"end":{"line":14,"column":1}},"line":10},"1":{"name":"(anonymous_1)","decl":{"start":{"line":17,"column":19},"end":{"line":17,"column":20}},"loc":{"start":{"line":17,"column":39},"end":{"line":70,"column":1}},"line":17},"2":{"name":"(anonymous_2)","decl":{"start":{"line":73,"column":16},"end":{"line":73,"column":17}},"loc":{"start":{"line":73,"column":36},"end":{"line":118,"column":1}},"line":73},"3":{"name":"(anonymous_3)","decl":{"start":{"line":121,"column":17},"end":{"line":121,"column":18}},"loc":{"start":{"line":121,"column":37},"end":{"line":140,"column":1}},"line":121},"4":{"name":"(anonymous_4)","decl":{"start":{"line":143,"column":31},"end":{"line":143,"column":32}},"loc":{"start":{"line":143,"column":51},"end":{"line":176,"column":1}},"line":143},"5":{"name":"(anonymous_5)","decl":{"start":{"line":179,"column":24},"end":{"line":179,"column":25}},"loc":{"start":{"line":179,"column":44},"end":{"line":210,"column":1}},"line":179}},"branchMap":{"0":{"loc":{"start":{"line":11,"column":4},"end":{"line":11,"column":28}},"type":"if","locations":[{"start":{"line":11,"column":4},"end":{"line":11,"column":28}},{"start":{},"end":{}}],"line":11},"1":{"loc":{"start":{"line":12,"column":22},"end":{"line":12,"column":55}},"type":"cond-expr","locations":[{"start":{"line":12,"column":46},"end":{"line":12,"column":49}},{"start":{"line":12,"column":52},"end":{"line":12,"column":55}}],"line":12},"2":{"loc":{"start":{"line":22,"column":8},"end":{"line":24,"column":9}},"type":"if","locations":[{"start":{"line":22,"column":8},"end":{"line":24,"column":9}},{"start":{},"end":{}}],"line":22},"3":{"loc":{"start":{"line":22,"column":12},"end":{"line":22,"column":44}},"type":"binary-expr","locations":[{"start":{"line":22,"column":12},"end":{"line":22,"column":21}},{"start":{"line":22,"column":25},"end":{"line":22,"column":31}},{"start":{"line":22,"column":35},"end":{"line":22,"column":44}}],"line":22},"4":{"loc":{"start":{"line":26,"column":8},"end":{"line":28,"column":9}},"type":"if","locations":[{"start":{"line":26,"column":8},"end":{"line":28,"column":9}},{"start":{},"end":{}}],"line":26},"5":{"loc":{"start":{"line":32,"column":8},"end":{"line":34,"column":9}},"type":"if","locations":[{"start":{"line":32,"column":8},"end":{"line":34,"column":9}},{"start":{},"end":{}}],"line":32},"6":{"loc":{"start":{"line":63,"column":8},"end":{"line":66,"column":9}},"type":"if","locations":[{"start":{"line":63,"column":8},"end":{"line":66,"column":9}},{"start":{},"end":{}}],"line":63},"7":{"loc":{"start":{"line":78,"column":30},"end":{"line":78,"column":49}},"type":"binary-expr","locations":[{"start":{"line":78,"column":30},"end":{"line":78,"column":40}},{"start":{"line":78,"column":44},"end":{"line":78,"column":49}}],"line":78},"8":{"loc":{"start":{"line":79,"column":8},"end":{"line":81,"column":9}},"type":"if","locations":[{"start":{"line":79,"column":8},"end":{"line":81,"column":9}},{"start":{},"end":{}}],"line":79},"9":{"loc":{"start":{"line":79,"column":12},"end":{"line":79,"column":39}},"type":"binary-expr","locations":[{"start":{"line":79,"column":12},"end":{"line":79,"column":26}},{"start":{"line":79,"column":30},"end":{"line":79,"column":39}}],"line":79},"10":{"loc":{"start":{"line":85,"column":22},"end":{"line":87,"column":35}},"type":"cond-expr","locations":[{"start":{"line":86,"column":14},"end":{"line":86,"column":46}},{"start":{"line":87,"column":14},"end":{"line":87,"column":35}}],"line":85},"11":{"loc":{"start":{"line":91,"column":8},"end":{"line":93,"column":9}},"type":"if","locations":[{"start":{"line":91,"column":8},"end":{"line":93,"column":9}},{"start":{},"end":{}}],"line":91},"12":{"loc":{"start":{"line":97,"column":8},"end":{"line":99,"column":9}},"type":"if","locations":[{"start":{"line":97,"column":8},"end":{"line":99,"column":9}},{"start":{},"end":{}}],"line":97},"13":{"loc":{"start":{"line":125,"column":8},"end":{"line":127,"column":9}},"type":"if","locations":[{"start":{"line":125,"column":8},"end":{"line":127,"column":9}},{"start":{},"end":{}}],"line":125},"14":{"loc":{"start":{"line":130,"column":26},"end":{"line":132,"column":60}},"type":"cond-expr","locations":[{"start":{"line":131,"column":14},"end":{"line":131,"column":42}},{"start":{"line":132,"column":14},"end":{"line":132,"column":60}}],"line":130},"15":{"loc":{"start":{"line":130,"column":26},"end":{"line":130,"column":48}},"type":"binary-expr","locations":[{"start":{"line":130,"column":26},"end":{"line":130,"column":33}},{"start":{"line":130,"column":37},"end":{"line":130,"column":48}}],"line":130},"16":{"loc":{"start":{"line":147,"column":8},"end":{"line":149,"column":9}},"type":"if","locations":[{"start":{"line":147,"column":8},"end":{"line":149,"column":9}},{"start":{},"end":{}}],"line":147},"17":{"loc":{"start":{"line":153,"column":8},"end":{"line":168,"column":9}},"type":"if","locations":[{"start":{"line":153,"column":8},"end":{"line":168,"column":9}},{"start":{},"end":{}}],"line":153},"18":{"loc":{"start":{"line":161,"column":28},"end":{"line":161,"column":89}},"type":"binary-expr","locations":[{"start":{"line":161,"column":28},"end":{"line":161,"column":63}},{"start":{"line":161,"column":67},"end":{"line":161,"column":89}}],"line":161},"19":{"loc":{"start":{"line":183,"column":8},"end":{"line":185,"column":9}},"type":"if","locations":[{"start":{"line":183,"column":8},"end":{"line":185,"column":9}},{"start":{},"end":{}}],"line":183},"20":{"loc":{"start":{"line":183,"column":12},"end":{"line":183,"column":31}},"type":"binary-expr","locations":[{"start":{"line":183,"column":12},"end":{"line":183,"column":18}},{"start":{"line":183,"column":22},"end":{"line":183,"column":31}}],"line":183},"21":{"loc":{"start":{"line":187,"column":8},"end":{"line":189,"column":9}},"type":"if","locations":[{"start":{"line":187,"column":8},"end":{"line":189,"column":9}},{"start":{},"end":{}}],"line":187},"22":{"loc":{"start":{"line":197,"column":8},"end":{"line":199,"column":9}},"type":"if","locations":[{"start":{"line":197,"column":8},"end":{"line":199,"column":9}},{"start":{},"end":{}}],"line":197}},"s":{"0":1,"1":1,"2":1,"3":1,"4":1,"5":1,"6":1,"7":1,"8":1,"9":0,"10":1,"11":1,"12":1,"13":5,"14":5,"15":5,"16":1,"17":4,"18":1,"19":3,"20":3,"21":1,"22":2,"23":2,"24":1,"25":1,"26":1,"27":1,"28":1,"29":1,"30":0,"31":1,"32":4,"33":4,"34":4,"35":4,"36":1,"37":3,"38":3,"39":3,"40":3,"41":3,"42":1,"43":2,"44":2,"45":1,"46":1,"47":1,"48":0,"49":1,"50":0,"51":0,"52":0,"53":0,"54":0,"55":0,"56":0,"57":0,"58":0,"59":1,"60":3,"61":3,"62":3,"63":1,"64":2,"65":2,"66":1,"67":1,"68":1,"69":1,"70":1,"71":1,"72":1,"73":1,"74":2,"75":0,"76":1,"77":4,"78":4,"79":4,"80":1,"81":3,"82":1,"83":2,"84":2,"85":2,"86":1,"87":1,"88":1,"89":1,"90":1,"91":1,"92":0},"f":{"0":1,"1":5,"2":4,"3":0,"4":3,"5":4},"b":{"0":[0,1],"1":[0,1],"2":[1,4],"3":[5,4,4],"4":[1,3],"5":[1,2],"6":[1,0],"7":[4,1],"8":[1,3],"9":[4,3],"10":[1,2],"11":[1,2],"12":[1,1],"13":[0,0],"14":[0,0],"15":[0,0],"16":[1,2],"17":[1,1],"18":[1,1],"19":[1,3],"20":[4,3],"21":[1,2],"22":[1,1]},"_coverageSchema":"1a1c01bbd47fc00a2c39e90264f33305004495a9","hash":"e214b9f7ad78e699946088eef54116823eb373cf"}
,"C:\\CANTIKA\\REACT\\to-do-list\\to-do-list-backend\\controllers\\taskController.js": {"path":"C:\\CANTIKA\\REACT\\to-do-list\\to-do-list-backend\\controllers\\taskController.js","statementMap":{"0":{"start":{"line":1,"column":13},"end":{"line":1,"column":38}},"1":{"start":{"line":4,"column":0},"end":{"line":27,"column":2}},"2":{"start":{"line":5,"column":4},"end":{"line":26,"column":5}},"3":{"start":{"line":6,"column":66},"end":{"line":6,"column":74}},"4":{"start":{"line":8,"column":8},"end":{"line":10,"column":9}},"5":{"start":{"line":9,"column":12},"end":{"line":9,"column":92}},"6":{"start":{"line":12,"column":21},"end":{"line":19,"column":10}},"7":{"start":{"line":21,"column":8},"end":{"line":21,"column":26}},"8":{"start":{"line":22,"column":8},"end":{"line":22,"column":77}},"9":{"start":{"line":24,"column":8},"end":{"line":24,"column":51}},"10":{"start":{"line":25,"column":8},"end":{"line":25,"column":80}},"11":{"start":{"line":30,"column":0},"end":{"line":37,"column":2}},"12":{"start":{"line":31,"column":4},"end":{"line":36,"column":5}},"13":{"start":{"line":32,"column":22},"end":{"line":32,"column":83}},"14":{"start":{"line":33,"column":8},"end":{"line":33,"column":28}},"15":{"start":{"line":35,"column":8},"end":{"line":35,"column":80}},"16":{"start":{"line":40,"column":0},"end":{"line":57,"column":2}},"17":{"start":{"line":41,"column":4},"end":{"line":56,"column":5}},"18":{"start":{"line":42,"column":21},"end":{"line":42,"column":55}},"19":{"start":{"line":44,"column":8},"end":{"line":46,"column":9}},"20":{"start":{"line":45,"column":12},"end":{"line":45,"column":71}},"21":{"start":{"line":49,"column":8},"end":{"line":51,"column":9}},"22":{"start":{"line":50,"column":12},"end":{"line":50,"column":91}},"23":{"start":{"line":53,"column":8},"end":{"line":53,"column":27}},"24":{"start":{"line":55,"column":8},"end":{"line":55,"column":80}},"25":{"start":{"line":60,"column":0},"end":{"line":90,"column":2}},"26":{"start":{"line":61,"column":4},"end":{"line":89,"column":5}},"27":{"start":{"line":62,"column":19},"end":{"line":62,"column":53}},"28":{"start":{"line":64,"column":8},"end":{"line":66,"column":9}},"29":{"start":{"line":65,"column":12},"end":{"line":65,"column":71}},"30":{"start":{"line":69,"column":8},"end":{"line":71,"column":9}},"31":{"start":{"line":70,"column":12},"end":{"line":70,"column":91}},"32":{"start":{"line":73,"column":66},"end":{"line":73,"column":74}},"33":{"start":{"line":75,"column":8},"end":{"line":77,"column":9}},"34":{"start":{"line":76,"column":12},"end":{"line":76,"column":92}},"35":{"start":{"line":79,"column":8},"end":{"line":79,"column":41}},"36":{"start":{"line":80,"column":8},"end":{"line":80,"column":86}},"37":{"start":{"line":81,"column":8},"end":{"line":81,"column":44}},"38":{"start":{"line":82,"column":8},"end":{"line":82,"column":50}},"39":{"start":{"line":83,"column":8},"end":{"line":83,"column":47}},"40":{"start":{"line":85,"column":8},"end":{"line":85,"column":26}},"41":{"start":{"line":86,"column":8},"end":{"line":86,"column":65}},"42":{"start":{"line":88,"column":8},"end":{"line":88,"column":80}},"43":{"start":{"line":93,"column":0},"end":{"line":111,"column":2}},"44":{"start":{"line":94,"column":4},"end":{"line":110,"column":5}},"45":{"start":{"line":95,"column":21},"end":{"line":95,"column":55}},"46":{"start":{"line":97,"column":8},"end":{"line":99,"column":9}},"47":{"start":{"line":98,"column":12},"end":{"line":98,"column":71}},"48":{"start":{"line":102,"column":8},"end":{"line":104,"column":9}},"49":{"start":{"line":103,"column":12},"end":{"line":103,"column":91}},"50":{"start":{"line":106,"column":8},"end":{"line":106,"column":53}},"51":{"start":{"line":107,"column":8},"end":{"line":107,"column":59}},"52":{"start":{"line":109,"column":8},"end":{"line":109,"column":80}}},"fnMap":{"0":{"name":"(anonymous_0)","decl":{"start":{"line":4,"column":21},"end":{"line":4,"column":22}},"loc":{"start":{"line":4,"column":41},"end":{"line":27,"column":1}},"line":4},"1":{"name":"(anonymous_1)","decl":{"start":{"line":30,"column":19},"end":{"line":30,"column":20}},"loc":{"start":{"line":30,"column":39},"end":{"line":37,"column":1}},"line":30},"2":{"name":"(anonymous_2)","decl":{"start":{"line":40,"column":18},"end":{"line":40,"column":19}},"loc":{"start":{"line":40,"column":38},"end":{"line":57,"column":1}},"line":40},"3":{"name":"(anonymous_3)","decl":{"start":{"line":60,"column":21},"end":{"line":60,"column":22}},"loc":{"start":{"line":60,"column":41},"end":{"line":90,"column":1}},"line":60},"4":{"name":"(anonymous_4)","decl":{"start":{"line":93,"column":21},"end":{"line":93,"column":22}},"loc":{"start":{"line":93,"column":41},"end":{"line":111,"column":1}},"line":93}},"branchMap":{"0":{"loc":{"start":{"line":8,"column":8},"end":{"line":10,"column":9}},"type":"if","locations":[{"start":{"line":8,"column":8},"end":{"line":10,"column":9}},{"start":{},"end":{}}],"line":8},"1":{"loc":{"start":{"line":8,"column":12},"end":{"line":8,"column":45}},"type":"binary-expr","locations":[{"start":{"line":8,"column":12},"end":{"line":8,"column":18}},{"start":{"line":8,"column":22},"end":{"line":8,"column":45}}],"line":8},"2":{"loc":{"start":{"line":14,"column":25},"end":{"line":14,"column":42}},"type":"binary-expr","locations":[{"start":{"line":14,"column":25},"end":{"line":14,"column":36}},{"start":{"line":14,"column":40},"end":{"line":14,"column":42}}],"line":14},"3":{"loc":{"start":{"line":15,"column":20},"end":{"line":15,"column":43}},"type":"binary-expr","locations":[{"start":{"line":15,"column":20},"end":{"line":15,"column":26}},{"start":{"line":15,"column":30},"end":{"line":15,"column":43}}],"line":15},"4":{"loc":{"start":{"line":16,"column":22},"end":{"line":16,"column":42}},"type":"binary-expr","locations":[{"start":{"line":16,"column":22},"end":{"line":16,"column":30}},{"start":{"line":16,"column":34},"end":{"line":16,"column":42}}],"line":16},"5":{"loc":{"start":{"line":17,"column":21},"end":{"line":17,"column":36}},"type":"binary-expr","locations":[{"start":{"line":17,"column":21},"end":{"line":17,"column":28}},{"start":{"line":17,"column":32},"end":{"line":17,"column":36}}],"line":17},"6":{"loc":{"start":{"line":44,"column":8},"end":{"line":46,"column":9}},"type":"if","locations":[{"start":{"line":44,"column":8},"end":{"line":46,"column":9}},{"start":{},"end":{}}],"line":44},"7":{"loc":{"start":{"line":49,"column":8},"end":{"line":51,"column":9}},"type":"if","locations":[{"start":{"line":49,"column":8},"end":{"line":51,"column":9}},{"start":{},"end":{}}],"line":49},"8":{"loc":{"start":{"line":64,"column":8},"end":{"line":66,"column":9}},"type":"if","locations":[{"start":{"line":64,"column":8},"end":{"line":66,"column":9}},{"start":{},"end":{}}],"line":64},"9":{"loc":{"start":{"line":69,"column":8},"end":{"line":71,"column":9}},"type":"if","locations":[{"start":{"line":69,"column":8},"end":{"line":71,"column":9}},{"start":{},"end":{}}],"line":69},"10":{"loc":{"start":{"line":75,"column":8},"end":{"line":77,"column":9}},"type":"if","locations":[{"start":{"line":75,"column":8},"end":{"line":77,"column":9}},{"start":{},"end":{}}],"line":75},"11":{"loc":{"start":{"line":75,"column":12},"end":{"line":75,"column":44}},"type":"binary-expr","locations":[{"start":{"line":75,"column":12},"end":{"line":75,"column":17}},{"start":{"line":75,"column":21},"end":{"line":75,"column":44}}],"line":75},"12":{"loc":{"start":{"line":79,"column":21},"end":{"line":79,"column":40}},"type":"binary-expr","locations":[{"start":{"line":79,"column":21},"end":{"line":79,"column":26}},{"start":{"line":79,"column":30},"end":{"line":79,"column":40}}],"line":79},"13":{"loc":{"start":{"line":80,"column":27},"end":{"line":80,"column":85}},"type":"cond-expr","locations":[{"start":{"line":80,"column":55},"end":{"line":80,"column":66}},{"start":{"line":80,"column":69},"end":{"line":80,"column":85}}],"line":80},"14":{"loc":{"start":{"line":81,"column":22},"end":{"line":81,"column":43}},"type":"binary-expr","locations":[{"start":{"line":81,"column":22},"end":{"line":81,"column":28}},{"start":{"line":81,"column":32},"end":{"line":81,"column":43}}],"line":81},"15":{"loc":{"start":{"line":82,"column":24},"end":{"line":82,"column":49}},"type":"binary-expr","locations":[{"start":{"line":82,"column":24},"end":{"line":82,"column":32}},{"start":{"line":82,"column":36},"end":{"line":82,"column":49}}],"line":82},"16":{"loc":{"start":{"line":83,"column":23},"end":{"line":83,"column":46}},"type":"binary-expr","locations":[{"start":{"line":83,"column":23},"end":{"line":83,"column":30}},{"start":{"line":83,"column":34},"end":{"line":83,"column":46}}],"line":83},"17":{"loc":{"start":{"line":97,"column":8},"end":{"line":99,"column":9}},"type":"if","locations":[{"start":{"line":97,"column":8},"end":{"line":99,"column":9}},{"start":{},"end":{}}],"line":97},"18":{"loc":{"start":{"line":102,"column":8},"end":{"line":104,"column":9}},"type":"if","locations":[{"start":{"line":102,"column":8},"end":{"line":104,"column":9}},{"start":{},"end":{}}],"line":102}},"s":{"0":1,"1":1,"2":4,"3":4,"4":4,"5":1,"6":3,"7":3,"8":2,"9":1,"10":1,"11":1,"12":2,"13":2,"14":1,"15":1,"16":1,"17":4,"18":4,"19":3,"20":1,"21":2,"22":1,"23":1,"24":1,"25":1,"26":6,"27":6,"28":5,"29":1,"30":4,"31":1,"32":3,"33":3,"34":1,"35":2,"36":2,"37":2,"38":2,"39":2,"40":2,"41":2,"42":1,"43":1,"44":4,"45":4,"46":3,"47":1,"48":2,"49":1,"50":1,"51":1,"52":1},"f":{"0":4,"1":2,"2":4,"3":6,"4":4},"b":{"0":[1,3],"1":[4,4],"2":[3,2],"3":[3,2],"4":[3,2],"5":[3,3],"6":[1,2],"7":[1,1],"8":[1,4],"9":[1,3],"10":[1,2],"11":[3,2],"12":[2,1],"13":[1,1],"14":[2,1],"15":[2,2],"16":[2,2],"17":[1,2],"18":[1,1]},"_coverageSchema":"1a1c01bbd47fc00a2c39e90264f33305004495a9","hash":"555e8ff94f7554b69049602297e8126f9a7736f9"}
,"C:\\CANTIKA\\REACT\\to-do-list\\to-do-list-backend\\middleware\\auth.js": {"path":"C:\\CANTIKA\\REACT\\to-do-list\\to-do-list-backend\\middleware\\auth.js","statementMap":{"0":{"start":{"line":1,"column":12},"end":{"line":1,"column":35}},"1":{"start":{"line":2,"column":23},"end":{"line":2,"column":58}},"2":{"start":{"line":4,"column":13},"end":{"line":23,"column":1}},"3":{"start":{"line":5,"column":4},"end":{"line":22,"column":5}},"4":{"start":{"line":6,"column":22},"end":{"line":6,"column":73}},"5":{"start":{"line":8,"column":8},"end":{"line":10,"column":9}},"6":{"start":{"line":9,"column":12},"end":{"line":9,"column":97}},"7":{"start":{"line":12,"column":28},"end":{"line":12,"column":67}},"8":{"start":{"line":13,"column":8},"end":{"line":15,"column":9}},"9":{"start":{"line":14,"column":12},"end":{"line":14,"column":83}},"10":{"start":{"line":17,"column":24},"end":{"line":17,"column":65}},"11":{"start":{"line":18,"column":8},"end":{"line":18,"column":32}},"12":{"start":{"line":19,"column":8},"end":{"line":19,"column":15}},"13":{"start":{"line":21,"column":8},"end":{"line":21,"column":64}},"14":{"start":{"line":25,"column":0},"end":{"line":25,"column":22}}},"fnMap":{"0":{"name":"(anonymous_0)","decl":{"start":{"line":4,"column":13},"end":{"line":4,"column":14}},"loc":{"start":{"line":4,"column":39},"end":{"line":23,"column":1}},"line":4}},"branchMap":{"0":{"loc":{"start":{"line":8,"column":8},"end":{"line":10,"column":9}},"type":"if","locations":[{"start":{"line":8,"column":8},"end":{"line":10,"column":9}},{"start":{},"end":{}}],"line":8},"1":{"loc":{"start":{"line":13,"column":8},"end":{"line":15,"column":9}},"type":"if","locations":[{"start":{"line":13,"column":8},"end":{"line":15,"column":9}},{"start":{},"end":{}}],"line":13}},"s":{"0":1,"1":1,"2":1,"3":4,"4":4,"5":4,"6":1,"7":3,"8":3,"9":1,"10":2,"11":1,"12":1,"13":1,"14":1},"f":{"0":4},"b":{"0":[1,3],"1":[1,2]},"_coverageSchema":"1a1c01bbd47fc00a2c39e90264f33305004495a9","hash":"2657b01c1bb9288008f8dffaaa21f5dd4a429ea0"}
,"C:\\CANTIKA\\REACT\\to-do-list\\to-do-list-backend\\models\\Task.js": {"path":"C:\\CANTIKA\\REACT\\to-do-list\\to-do-list-backend\\models\\Task.js","statementMap":{"0":{"start":{"line":1,"column":17},"end":{"line":1,"column":36}},"1":{"start":{"line":3,"column":19},"end":{"line":42,"column":2}},"2":{"start":{"line":45,"column":0},"end":{"line":47,"column":3}},"3":{"start":{"line":46,"column":4},"end":{"line":46,"column":32}},"4":{"start":{"line":49,"column":0},"end":{"line":49,"column":52}}},"fnMap":{"0":{"name":"(anonymous_0)","decl":{"start":{"line":45,"column":23},"end":{"line":45,"column":24}},"loc":{"start":{"line":45,"column":34},"end":{"line":47,"column":1}},"line":45}},"branchMap":{},"s":{"0":2,"1":2,"2":2,"3":3,"4":2},"f":{"0":3},"b":{},"_coverageSchema":"1a1c01bbd47fc00a2c39e90264f33305004495a9","hash":"8419b1cebf924bcf53f9e76ea26c119a45f8ce04"}
,"C:\\CANTIKA\\REACT\\to-do-list\\to-do-list-backend\\models\\TokenBlacklist.js": {"path":"C:\\CANTIKA\\REACT\\to-do-list\\to-do-list-backend\\models\\TokenBlacklist.js","statementMap":{"0":{"start":{"line":1,"column":17},"end":{"line":1,"column":36}},"1":{"start":{"line":3,"column":29},"end":{"line":17,"column":2}},"2":{"start":{"line":20,"column":0},"end":{"line":20,"column":72}},"3":{"start":{"line":22,"column":0},"end":{"line":22,"column":72}}},"fnMap":{},"branchMap":{},"s":{"0":3,"1":3,"2":3,"3":3},"f":{},"b":{},"_coverageSchema":"1a1c01bbd47fc00a2c39e90264f33305004495a9","hash":"e2f9ce969a6e3495a1f2d37181caf26438dc86fb"}
,"C:\\CANTIKA\\REACT\\to-do-list\\to-do-list-backend\\models\\User.js": {"path":"C:\\CANTIKA\\REACT\\to-do-list\\to-do-list-backend\\models\\User.js","statementMap":{"0":{"start":{"line":1,"column":17},"end":{"line":1,"column":36}},"1":{"start":{"line":2,"column":15},"end":{"line":2,"column":34}},"2":{"start":{"line":4,"column":19},"end":{"line":34,"column":2}},"3":{"start":{"line":37,"column":0},"end":{"line":46,"column":3}},"4":{"start":{"line":38,"column":4},"end":{"line":38,"column":45}},"5":{"start":{"line":38,"column":38},"end":{"line":38,"column":45}},"6":{"start":{"line":40,"column":4},"end":{"line":45,"column":5}},"7":{"start":{"line":41,"column":21},"end":{"line":41,"column":45}},"8":{"start":{"line":42,"column":8},"end":{"line":42,"column":63}},"9":{"start":{"line":44,"column":8},"end":{"line":44,"column":20}},"10":{"start":{"line":49,"column":0},"end":{"line":51,"column":2}},"11":{"start":{"line":50,"column":4},"end":{"line":50,"column":64}},"12":{"start":{"line":53,"column":0},"end":{"line":53,"column":52}}},"fnMap":{"0":{"name":"(anonymous_0)","decl":{"start":{"line":37,"column":23},"end":{"line":37,"column":24}},"loc":{"start":{"line":37,"column":40},"end":{"line":46,"column":1}},"line":37},"1":{"name":"(anonymous_1)","decl":{"start":{"line":49,"column":35},"end":{"line":49,"column":36}},"loc":{"start":{"line":49,"column":67},"end":{"line":51,"column":1}},"line":49}},"branchMap":{"0":{"loc":{"start":{"line":38,"column":4},"end":{"line":38,"column":45}},"type":"if","locations":[{"start":{"line":38,"column":4},"end":{"line":38,"column":45}},{"start":{},"end":{}}],"line":38}},"s":{"0":2,"1":2,"2":2,"3":2,"4":2,"5":0,"6":2,"7":2,"8":2,"9":0,"10":2,"11":1,"12":2},"f":{"0":2,"1":1},"b":{"0":[0,2]},"_coverageSchema":"1a1c01bbd47fc00a2c39e90264f33305004495a9","hash":"0f94fa56ad41e06215a803886a65e2388498861b"}
,"C:\\CANTIKA\\REACT\\to-do-list\\to-do-list-backend\\routes\\authRoutes.js": {"path":"C:\\CANTIKA\\REACT\\to-do-list\\to-do-list-backend\\routes\\authRoutes.js","statementMap":{"0":{"start":{"line":1,"column":16},"end":{"line":1,"column":34}},"1":{"start":{"line":2,"column":73},"end":{"line":2,"column":113}},"2":{"start":{"line":3,"column":13},"end":{"line":3,"column":42}},"3":{"start":{"line":5,"column":15},"end":{"line":5,"column":31}},"4":{"start":{"line":7,"column":0},"end":{"line":7,"column":35}},"5":{"start":{"line":8,"column":0},"end":{"line":8,"column":29}},"6":{"start":{"line":9,"column":0},"end":{"line":9,"column":37}},"7":{"start":{"line":10,"column":0},"end":{"line":10,"column":54}},"8":{"start":{"line":11,"column":0},"end":{"line":11,"column":46}},"9":{"start":{"line":13,"column":0},"end":{"line":13,"column":24}}},"fnMap":{},"branchMap":{},"s":{"0":1,"1":1,"2":1,"3":1,"4":1,"5":1,"6":1,"7":1,"8":1,"9":1},"f":{},"b":{},"_coverageSchema":"1a1c01bbd47fc00a2c39e90264f33305004495a9","hash":"0f59b04a4b2519312ca107ba146a717f685da3b2"}
,"C:\\CANTIKA\\REACT\\to-do-list\\to-do-list-backend\\routes\\taskRoutes.js": {"path":"C:\\CANTIKA\\REACT\\to-do-list\\to-do-list-backend\\routes\\taskRoutes.js","statementMap":{"0":{"start":{"line":1,"column":16},"end":{"line":1,"column":34}},"1":{"start":{"line":8,"column":4},"end":{"line":8,"column":44}},"2":{"start":{"line":9,"column":13},"end":{"line":9,"column":42}},"3":{"start":{"line":11,"column":15},"end":{"line":11,"column":31}},"4":{"start":{"line":14,"column":0},"end":{"line":14,"column":17}},"5":{"start":{"line":16,"column":0},"end":{"line":16,"column":29}},"6":{"start":{"line":17,"column":0},"end":{"line":17,"column":26}},"7":{"start":{"line":18,"column":0},"end":{"line":18,"column":28}},"8":{"start":{"line":19,"column":0},"end":{"line":19,"column":31}},"9":{"start":{"line":20,"column":0},"end":{"line":20,"column":34}},"10":{"start":{"line":22,"column":0},"end":{"line":22,"column":24}}},"fnMap":{},"branchMap":{},"s":{"0":1,"1":1,"2":1,"3":1,"4":1,"5":1,"6":1,"7":1,"8":1,"9":1,"10":1},"f":{},"b":{},"_coverageSchema":"1a1c01bbd47fc00a2c39e90264f33305004495a9","hash":"e78653ce8335d24bed947645f00db51e0aaac89e"}
,"C:\\CANTIKA\\REACT\\to-do-list\\to-do-list-backend\\utils\\email.js": {"path":"C:\\CANTIKA\\REACT\\to-do-list\\to-do-list-backend\\utils\\email.js","statementMap":{"0":{"start":{"line":1,"column":19},"end":{"line":1,"column":40}},"1":{"start":{"line":4,"column":17},"end":{"line":4,"column":38}},"2":{"start":{"line":5,"column":17},"end":{"line":5,"column":54}},"3":{"start":{"line":6,"column":17},"end":{"line":6,"column":38}},"4":{"start":{"line":7,"column":17},"end":{"line":7,"column":38}},"5":{"start":{"line":8,"column":19},"end":{"line":8,"column":81}},"6":{"start":{"line":10,"column":4},"end":{"line":12,"column":5}},"7":{"start":{"line":11,"column":8},"end":{"line":11,"column":57}},"8":{"start":{"line":14,"column":4},"end":{"line":22,"column":7}},"9":{"start":{"line":26,"column":17},"end":{"line":26,"column":63}},"10":{"start":{"line":27,"column":24},"end":{"line":27,"column":40}},"11":{"start":{"line":29,"column":4},"end":{"line":34,"column":7}},"12":{"start":{"line":37,"column":0},"end":{"line":39,"column":2}}},"fnMap":{"0":{"name":"getTransporter","decl":{"start":{"line":3,"column":9},"end":{"line":3,"column":23}},"loc":{"start":{"line":3,"column":26},"end":{"line":23,"column":1}},"line":3},"1":{"name":"sendPasswordResetEmail","decl":{"start":{"line":25,"column":15},"end":{"line":25,"column":37}},"loc":{"start":{"line":25,"column":56},"end":{"line":35,"column":1}},"line":25}},"branchMap":{"0":{"loc":{"start":{"line":5,"column":24},"end":{"line":5,"column":53}},"type":"binary-expr","locations":[{"start":{"line":5,"column":24},"end":{"line":5,"column":45}},{"start":{"line":5,"column":49},"end":{"line":5,"column":53}}],"line":5},"1":{"loc":{"start":{"line":8,"column":26},"end":{"line":8,"column":55}},"type":"binary-expr","locations":[{"start":{"line":8,"column":26},"end":{"line":8,"column":49}},{"start":{"line":8,"column":53},"end":{"line":8,"column":55}}],"line":8},"2":{"loc":{"start":{"line":10,"column":4},"end":{"line":12,"column":5}},"type":"if","locations":[{"start":{"line":10,"column":4},"end":{"line":12,"column":5}},{"start":{},"end":{}}],"line":10},"3":{"loc":{"start":{"line":10,"column":8},"end":{"line":10,"column":31}},"type":"binary-expr","locations":[{"start":{"line":10,"column":8},"end":{"line":10,"column":13}},{"start":{"line":10,"column":17},"end":{"line":10,"column":22}},{"start":{"line":10,"column":26},"end":{"line":10,"column":31}}],"line":10},"4":{"loc":{"start":{"line":26,"column":17},"end":{"line":26,"column":63}},"type":"binary-expr","locations":[{"start":{"line":26,"column":17},"end":{"line":26,"column":38}},{"start":{"line":26,"column":42},"end":{"line":26,"column":63}}],"line":26}},"s":{"0":1,"1":0,"2":0,"3":0,"4":0,"5":0,"6":0,"7":0,"8":0,"9":0,"10":0,"11":0,"12":1},"f":{"0":0,"1":0},"b":{"0":[0,0],"1":[0,0],"2":[0,0],"3":[0,0,0],"4":[0,0]},"_coverageSchema":"1a1c01bbd47fc00a2c39e90264f33305004495a9","hash":"aad36f9d5807dba5e94bf0f090c281e746810a8b"}
}
