TN:
SF:controllers\authController.js
FN:10,(anonymous_0)
FN:17,(anonymous_1)
FN:73,(anonymous_2)
FN:121,(anonymous_3)
FN:143,(anonymous_4)
FN:179,(anonymous_5)
FNF:6
FNH:5
FNDA:1,(anonymous_0)
FNDA:5,(anonymous_1)
FNDA:4,(anonymous_2)
FNDA:0,(anonymous_3)
FNDA:3,(anonymous_4)
FNDA:4,(anonymous_5)
DA:1,1
DA:2,1
DA:3,1
DA:4,1
DA:5,1
DA:7,1
DA:8,1
DA:10,1
DA:11,1
DA:12,1
DA:13,1
DA:17,1
DA:18,5
DA:19,5
DA:22,5
DA:23,1
DA:26,4
DA:27,1
DA:31,3
DA:32,3
DA:33,1
DA:37,2
DA:43,2
DA:46,1
DA:50,1
DA:60,1
DA:63,1
DA:64,1
DA:65,1
DA:68,0
DA:73,1
DA:74,4
DA:75,4
DA:78,4
DA:79,4
DA:80,1
DA:83,3
DA:84,3
DA:85,3
DA:90,3
DA:91,3
DA:92,1
DA:96,2
DA:97,2
DA:98,1
DA:102,1
DA:106,1
DA:116,0
DA:121,1
DA:122,0
DA:123,0
DA:125,0
DA:126,0
DA:129,0
DA:130,0
DA:134,0
DA:136,0
DA:138,0
DA:143,1
DA:144,3
DA:145,3
DA:147,3
DA:148,1
DA:151,2
DA:153,2
DA:154,1
DA:155,1
DA:157,1
DA:158,1
DA:159,1
DA:161,1
DA:162,1
DA:164,1
DA:170,2
DA:174,0
DA:179,1
DA:180,4
DA:181,4
DA:183,4
DA:184,1
DA:187,3
DA:188,1
DA:191,2
DA:192,2
DA:197,2
DA:198,1
DA:201,1
DA:202,1
DA:203,1
DA:204,1
DA:206,1
DA:208,0
LF:92
LH:79
BRDA:11,0,0,0
BRDA:11,0,1,1
BRDA:12,1,0,0
BRDA:12,1,1,1
BRDA:22,2,0,1
BRDA:22,2,1,4
BRDA:22,3,0,5
BRDA:22,3,1,4
BRDA:22,3,2,4
BRDA:26,4,0,1
BRDA:26,4,1,3
BRDA:32,5,0,1
BRDA:32,5,1,2
BRDA:63,6,0,1
BRDA:63,6,1,0
BRDA:78,7,0,4
BRDA:78,7,1,1
BRDA:79,8,0,1
BRDA:79,8,1,3
BRDA:79,9,0,4
BRDA:79,9,1,3
BRDA:85,10,0,1
BRDA:85,10,1,2
BRDA:91,11,0,1
BRDA:91,11,1,2
BRDA:97,12,0,1
BRDA:97,12,1,1
BRDA:125,13,0,0
BRDA:125,13,1,0
BRDA:130,14,0,0
BRDA:130,14,1,0
BRDA:130,15,0,0
BRDA:130,15,1,0
BRDA:147,16,0,1
BRDA:147,16,1,2
BRDA:153,17,0,1
BRDA:153,17,1,1
BRDA:161,18,0,1
BRDA:161,18,1,1
BRDA:183,19,0,1
BRDA:183,19,1,3
BRDA:183,20,0,4
BRDA:183,20,1,3
BRDA:187,21,0,1
BRDA:187,21,1,2
BRDA:197,22,0,1
BRDA:197,22,1,1
BRF:47
BRH:38
end_of_record
TN:
SF:controllers\taskController.js
FN:4,(anonymous_0)
FN:30,(anonymous_1)
FN:40,(anonymous_2)
FN:60,(anonymous_3)
FN:93,(anonymous_4)
FNF:5
FNH:5
FNDA:4,(anonymous_0)
FNDA:2,(anonymous_1)
FNDA:4,(anonymous_2)
FNDA:6,(anonymous_3)
FNDA:4,(anonymous_4)
DA:1,1
DA:4,1
DA:5,4
DA:6,4
DA:8,4
DA:9,1
DA:12,3
DA:21,3
DA:22,2
DA:24,1
DA:25,1
DA:30,1
DA:31,2
DA:32,2
DA:33,1
DA:35,1
DA:40,1
DA:41,4
DA:42,4
DA:44,3
DA:45,1
DA:49,2
DA:50,1
DA:53,1
DA:55,1
DA:60,1
DA:61,6
DA:62,6
DA:64,5
DA:65,1
DA:69,4
DA:70,1
DA:73,3
DA:75,3
DA:76,1
DA:79,2
DA:80,2
DA:81,2
DA:82,2
DA:83,2
DA:85,2
DA:86,2
DA:88,1
DA:93,1
DA:94,4
DA:95,4
DA:97,3
DA:98,1
DA:102,2
DA:103,1
DA:106,1
DA:107,1
DA:109,1
LF:53
LH:53
BRDA:8,0,0,1
BRDA:8,0,1,3
BRDA:8,1,0,4
BRDA:8,1,1,4
BRDA:14,2,0,3
BRDA:14,2,1,2
BRDA:15,3,0,3
BRDA:15,3,1,2
BRDA:16,4,0,3
BRDA:16,4,1,2
BRDA:17,5,0,3
BRDA:17,5,1,3
BRDA:44,6,0,1
BRDA:44,6,1,2
BRDA:49,7,0,1
BRDA:49,7,1,1
BRDA:64,8,0,1
BRDA:64,8,1,4
BRDA:69,9,0,1
BRDA:69,9,1,3
BRDA:75,10,0,1
BRDA:75,10,1,2
BRDA:75,11,0,3
BRDA:75,11,1,2
BRDA:79,12,0,2
BRDA:79,12,1,1
BRDA:80,13,0,1
BRDA:80,13,1,1
BRDA:81,14,0,2
BRDA:81,14,1,1
BRDA:82,15,0,2
BRDA:82,15,1,2
BRDA:83,16,0,2
BRDA:83,16,1,2
BRDA:97,17,0,1
BRDA:97,17,1,2
BRDA:102,18,0,1
BRDA:102,18,1,1
BRF:38
BRH:38
end_of_record
TN:
SF:middleware\auth.js
FN:4,(anonymous_0)
FNF:1
FNH:1
FNDA:4,(anonymous_0)
DA:1,1
DA:2,1
DA:4,1
DA:5,4
DA:6,4
DA:8,4
DA:9,1
DA:12,3
DA:13,3
DA:14,1
DA:17,2
DA:18,1
DA:19,1
DA:21,1
DA:25,1
LF:15
LH:15
BRDA:8,0,0,1
BRDA:8,0,1,3
BRDA:13,1,0,1
BRDA:13,1,1,2
BRF:4
BRH:4
end_of_record
TN:
SF:models\Task.js
FN:45,(anonymous_0)
FNF:1
FNH:1
FNDA:3,(anonymous_0)
DA:1,2
DA:3,2
DA:45,2
DA:46,3
DA:49,2
LF:5
LH:5
BRF:0
BRH:0
end_of_record
TN:
SF:models\TokenBlacklist.js
FNF:0
FNH:0
DA:1,3
DA:3,3
DA:20,3
DA:22,3
LF:4
LH:4
BRF:0
BRH:0
end_of_record
TN:
SF:models\User.js
FN:37,(anonymous_0)
FN:49,(anonymous_1)
FNF:2
FNH:2
FNDA:2,(anonymous_0)
FNDA:1,(anonymous_1)
DA:1,2
DA:2,2
DA:4,2
DA:37,2
DA:38,2
DA:40,2
DA:41,2
DA:42,2
DA:44,0
DA:49,2
DA:50,1
DA:53,2
LF:12
LH:11
BRDA:38,0,0,0
BRDA:38,0,1,2
BRF:2
BRH:1
end_of_record
TN:
SF:routes\authRoutes.js
FNF:0
FNH:0
DA:1,1
DA:2,1
DA:3,1
DA:5,1
DA:7,1
DA:8,1
DA:9,1
DA:10,1
DA:11,1
DA:13,1
LF:10
LH:10
BRF:0
BRH:0
end_of_record
TN:
SF:routes\taskRoutes.js
FNF:0
FNH:0
DA:1,1
DA:8,1
DA:9,1
DA:11,1
DA:14,1
DA:16,1
DA:17,1
DA:18,1
DA:19,1
DA:20,1
DA:22,1
LF:11
LH:11
BRF:0
BRH:0
end_of_record
TN:
SF:utils\email.js
FN:3,getTransporter
FN:25,sendPasswordResetEmail
FNF:2
FNH:0
FNDA:0,getTransporter
FNDA:0,sendPasswordResetEmail
DA:1,1
DA:4,0
DA:5,0
DA:6,0
DA:7,0
DA:8,0
DA:10,0
DA:11,0
DA:14,0
DA:26,0
DA:27,0
DA:29,0
DA:37,1
LF:13
LH:2
BRDA:5,0,0,0
BRDA:5,0,1,0
BRDA:8,1,0,0
BRDA:8,1,1,0
BRDA:10,2,0,0
BRDA:10,2,1,0
BRDA:10,3,0,0
BRDA:10,3,1,0
BRDA:10,3,2,0
BRDA:26,4,0,0
BRDA:26,4,1,0
BRF:11
BRH:0
end_of_record
